Traceback (most recent call last):
  File "C:\Users\OKTAVIAN\AppData\Roaming\Python\Python312\site-packages\jupyter_cache\executors\utils.py", line 58, in single_nb_execution
    executenb(
  File "C:\Users\OKTAVIAN\AppData\Roaming\Python\Python312\site-packages\nbclient\client.py", line 1314, in execute
    return NotebookClient(nb=nb, resources=resources, km=km, **kwargs).execute()
           ^^^^^^^^^^^^^^^^^^^^^^^^^^^^^^^^^^^^^^^^^^^^^^^^^^^^^^^^^^^^^^^^^^^^^
  File "C:\Users\OKTAVIAN\AppData\Roaming\Python\Python312\site-packages\jupyter_core\utils\__init__.py", line 165, in wrapped
    return loop.run_until_complete(inner)
           ^^^^^^^^^^^^^^^^^^^^^^^^^^^^^^
  File "C:\Program Files\Python312\Lib\asyncio\base_events.py", line 664, in run_until_complete
    return future.result()
           ^^^^^^^^^^^^^^^
  File "C:\Users\OKTAVIAN\AppData\Roaming\Python\Python312\site-packages\nbclient\client.py", line 709, in async_execute
    await self.async_execute_cell(
  File "C:\Users\OKTAVIAN\AppData\Roaming\Python\Python312\site-packages\nbclient\client.py", line 1062, in async_execute_cell
    await self._check_raise_for_error(cell, cell_index, exec_reply)
  File "C:\Users\OKTAVIAN\AppData\Roaming\Python\Python312\site-packages\nbclient\client.py", line 918, in _check_raise_for_error
    raise CellExecutionError.from_cell_and_msg(cell, exec_reply_content)
nbclient.exceptions.CellExecutionError: An error occurred while executing the following cell:
------------------
def gabungkan_pdf(file_list, output_pdf):
    doc = fitz.open()
    for pdf in file_list:
        with fitz.open(pdf) as temp_doc:
            doc.insert_pdf(temp_doc)  # Menambahkan halaman dari file lain
    doc.save(output_pdf)  # Menyimpan hasil gabungan
    doc.close()

# Contoh penggunaan
daftar_pdf = ["../Doc/Doc1-22_099.pdf", "../Doc/Doc2-22_099.pdf"]
gabungkan_pdf(daftar_pdf, "../Doc/Doc3-22_099.pdf")

------------------


[1;31m---------------------------------------------------------------------------[0m
[1;31mFileNotFoundError[0m                         Traceback (most recent call last)
[1;32m~\AppData\Local\Temp\ipykernel_25160\2099093874.py[0m in [0;36m?[1;34m()[0m
[0;32m      7[0m     [0mdoc[0m[1;33m.[0m[0mclose[0m[1;33m([0m[1;33m)[0m[1;33m[0m[1;33m[0m[0m
[0;32m      8[0m [1;33m[0m[0m
[0;32m      9[0m [1;31m# Contoh penggunaan[0m[1;33m[0m[1;33m[0m[0m
[0;32m     10[0m [0mdaftar_pdf[0m [1;33m=[0m [1;33m[[0m[1;34m"../Doc/Doc1-22_099.pdf"[0m[1;33m,[0m [1;34m"../Doc/Doc2-22_099.pdf"[0m[1;33m][0m[1;33m[0m[1;33m[0m[0m
[1;32m---> 11[1;33m [0mgabungkan_pdf[0m[1;33m([0m[0mdaftar_pdf[0m[1;33m,[0m [1;34m"../Doc/Doc3-22_099.pdf"[0m[1;33m)[0m[1;33m[0m[1;33m[0m[0m
[0m
[1;32m~\AppData\Local\Temp\ipykernel_25160\2099093874.py[0m in [0;36m?[1;34m(file_list, output_pdf)[0m
[0;32m      1[0m [1;32mdef[0m [0mgabungkan_pdf[0m[1;33m([0m[0mfile_list[0m[1;33m,[0m [0moutput_pdf[0m[1;33m)[0m[1;33m:[0m[1;33m[0m[1;33m[0m[0m
[0;32m      2[0m     [0mdoc[0m [1;33m=[0m [0mfitz[0m[1;33m.[0m[0mopen[0m[1;33m([0m[1;33m)[0m[1;33m[0m[1;33m[0m[0m
[0;32m      3[0m     [1;32mfor[0m [0mpdf[0m [1;32min[0m [0mfile_list[0m[1;33m:[0m[1;33m[0m[1;33m[0m[0m
[1;32m----> 4[1;33m         [1;32mwith[0m [0mfitz[0m[1;33m.[0m[0mopen[0m[1;33m([0m[0mpdf[0m[1;33m)[0m [1;32mas[0m [0mtemp_doc[0m[1;33m:[0m[1;33m[0m[1;33m[0m[0m
[0m[0;32m      5[0m             [0mdoc[0m[1;33m.[0m[0minsert_pdf[0m[1;33m([0m[0mtemp_doc[0m[1;33m)[0m  [1;31m# Menambahkan halaman dari file lain[0m[1;33m[0m[1;33m[0m[0m
[0;32m      6[0m     [0mdoc[0m[1;33m.[0m[0msave[0m[1;33m([0m[0moutput_pdf[0m[1;33m)[0m  [1;31m# Menyimpan hasil gabungan[0m[1;33m[0m[1;33m[0m[0m
[0;32m      7[0m     [0mdoc[0m[1;33m.[0m[0mclose[0m[1;33m([0m[1;33m)[0m[1;33m[0m[1;33m[0m[0m

[1;32mC:\Program Files\Python312\Lib\site-packages\pymupdf\__init__.py[0m in [0;36m?[1;34m(self, filename, stream, filetype, rect, width, height, fontsize)[0m
[0;32m   3035[0m                     [0mself[0m[1;33m.[0m[0mpage_count2[0m [1;33m=[0m [0mextra[0m[1;33m.[0m[0mpage_count_pdf[0m[1;33m[0m[1;33m[0m[0m
[0;32m   3036[0m                 [1;32melse[0m[1;33m:[0m[1;33m[0m[1;33m[0m[0m
[0;32m   3037[0m                     [0mself[0m[1;33m.[0m[0mpage_count2[0m [1;33m=[0m [0mextra[0m[1;33m.[0m[0mpage_count_fz[0m[1;33m[0m[1;33m[0m[0m
[0;32m   3038[0m         [1;32mfinally[0m[1;33m:[0m[1;33m[0m[1;33m[0m[0m
[1;32m-> 3039[1;33m             [0mJM_mupdf_show_errors[0m [1;33m=[0m [0mJM_mupdf_show_errors_old[0m[1;33m[0m[1;33m[0m[0m
[0m
[1;31mFileNotFoundError[0m: no such file: '../Doc/Doc1-22_099.pdf'

